<?xml version="1.0" encoding="UTF-8"?>
<testsuite xmlns:xsi="http://www.w3.org/2001/XMLSchema-instance" xsi:noNamespaceSchemaLocation="https://maven.apache.org/surefire/maven-surefire-plugin/xsd/surefire-test-report-3.0.xsd" version="3.0" name="com.mycompany.test.app.CalculatorTest" time="0.086" tests="4" errors="0" skipped="0" failures="0">
  <properties>
[...]
</properties>
  <testcase name="testAdd" classname="com.mycompany.test.app.CalculatorTest" time="0.031">
    <system-out><![CDATA[add
]]></system-out>
  </testcase>
  <testcase name="testSubtract" classname="com.mycompany.test.app.CalculatorTest" time="0.002">
    <system-out><![CDATA[subtract
]]></system-out>
  </testcase>
  <testcase name="testDivide" classname="com.mycompany.test.app.CalculatorTest" time="0.003">
    <system-out><![CDATA[divide
]]></system-out>
  </testcase>
  <testcase name="testMultiply" classname="com.mycompany.test.app.CalculatorTest" time="0.003">
    <system-out><![CDATA[multiply
]]></system-out>
  </testcase>
</testsuite>